0 verbose cli /usr/local/bin/node /usr/local/bin/npm
1 info using npm@10.9.3
2 info using node@v22.18.0
3 silly config load:file:/usr/local/lib/node_modules/npm/npmrc
4 silly config load:file:/Users/shaansisodia/DEV/PERSONAL/CLIENT-WORK/client-projects/Restraunt/restaurant-template/.npmrc
5 silly config load:file:/Users/shaansisodia/.npmrc
6 silly config load:file:/Users/shaansisodia/.npm-global/etc/npmrc
7 verbose title npm run lint
8 verbose argv "run" "lint"
9 verbose logfile logs-max:10 dir:/Users/shaansisodia/DEV/PERSONAL/CLIENT-WORK/client-projects/Restraunt/.npm-cache/_logs/2025-10-20T20_26_47_824Z-
10 verbose logfile /Users/shaansisodia/DEV/PERSONAL/CLIENT-WORK/client-projects/Restraunt/.npm-cache/_logs/2025-10-20T20_26_47_824Z-debug-0.log
11 silly logfile done cleaning log files
12 verbose stack Error: Could not read package.json: Error: ENOENT: no such file or directory, open '/Users/shaansisodia/DEV/PERSONAL/CLIENT-WORK/client-projects/Restraunt/restaurant-template/package.json'
12 verbose stack     at async open (node:internal/fs/promises:639:25)
12 verbose stack     at async readFile (node:internal/fs/promises:1243:14)
12 verbose stack     at async read (/usr/local/lib/node_modules/npm/node_modules/@npmcli/package-json/lib/read-package.js:9:18)
12 verbose stack     at async PackageJson.load (/usr/local/lib/node_modules/npm/node_modules/@npmcli/package-json/lib/index.js:132:31)
12 verbose stack     at async PackageJson.normalize (/usr/local/lib/node_modules/npm/node_modules/@npmcli/package-json/lib/index.js:118:5)
12 verbose stack     at async #run (/usr/local/lib/node_modules/npm/lib/commands/run-script.js:86:13)
12 verbose stack     at async RunScript.exec (/usr/local/lib/node_modules/npm/lib/commands/run-script.js:40:7)
12 verbose stack     at async Npm.exec (/usr/local/lib/node_modules/npm/lib/npm.js:207:9)
12 verbose stack     at async module.exports (/usr/local/lib/node_modules/npm/lib/cli/entry.js:74:5)
13 error code ENOENT
14 error syscall open
15 error path /Users/shaansisodia/DEV/PERSONAL/CLIENT-WORK/client-projects/Restraunt/restaurant-template/package.json
16 error errno -2
17 error enoent Could not read package.json: Error: ENOENT: no such file or directory, open '/Users/shaansisodia/DEV/PERSONAL/CLIENT-WORK/client-projects/Restraunt/restaurant-template/package.json'
18 error enoent This is related to npm not being able to find a file.
18 error enoent
19 verbose cwd /Users/shaansisodia/DEV/PERSONAL/CLIENT-WORK/client-projects/Restraunt/restaurant-template
20 verbose os Darwin 24.5.0
21 verbose node v22.18.0
22 verbose npm  v10.9.3
23 verbose exit -2
24 verbose code -2
25 error A complete log of this run can be found in: /Users/shaansisodia/DEV/PERSONAL/CLIENT-WORK/client-projects/Restraunt/.npm-cache/_logs/2025-10-20T20_26_47_824Z-debug-0.log
